# JRE version: Java(TM) SE Runtime Environment (8.0_251-b08) (build 1.8.0_251-b08)
# Java VM: Java HotSpot(TM) 64-Bit Server VM (25.251-b08 mixed mode windows-amd64 compressed oops)
Heap:
 PSYoungGen      total 147456K, used 49330K [0x00000000d5d80000, 0x00000000e8380000, 0x0000000100000000)
  eden space 129024K, 38% used [0x00000000d5d80000,0x00000000d8dac870,0x00000000ddb80000)
  from space 18432K, 0% used [0x00000000ddb80000,0x00000000ddb80000,0x00000000ded80000)
  to   space 21504K, 0% used [0x00000000e6e80000,0x00000000e6e80000,0x00000000e8380000)
 ParOldGen       total 96256K, used 33467K [0x0000000081800000, 0x0000000087600000, 0x00000000d5d80000)
  object space 96256K, 34% used [0x0000000081800000,0x00000000838aed28,0x0000000087600000)
 Metaspace       used 21889K, capacity 22400K, committed 22704K, reserved 1069056K
  class space    used 2566K, capacity 2752K, committed 2816K, reserved 1048576K
GC Heap History (10 events):
Event: 2.473 GC heap before
{Heap before GC invocations=4 (full 0):
 PSYoungGen      total 38400K, used 38384K [0x00000000d5d80000, 0x00000000da880000, 0x0000000100000000)
  eden space 33280K, 100% used [0x00000000d5d80000,0x00000000d7e00000,0x00000000d7e00000)
  from space 5120K, 99% used [0x00000000d7e00000,0x00000000d82fc010,0x00000000d8300000)
  to   space 5120K, 0% used [0x00000000da380000,0x00000000da380000,0x00000000da880000)
 ParOldGen       total 87552K, used 4870K [0x0000000081800000, 0x0000000086d80000, 0x00000000d5d80000)
  object space 87552K, 5% used [0x0000000081800000,0x0000000081cc19e8,0x0000000086d80000)
 Metaspace       used 15455K, capacity 15662K, committed 15872K, reserved 1062912K
  class space    used 1833K, capacity 1941K, committed 2048K, reserved 1048576K
Event: 2.482 GC heap after
Heap after GC invocations=4 (full 0):
 PSYoungGen      total 71680K, used 5088K [0x00000000d5d80000, 0x00000000da880000, 0x0000000100000000)
  eden space 66560K, 0% used [0x00000000d5d80000,0x00000000d5d80000,0x00000000d9e80000)
  from space 5120K, 99% used [0x00000000da380000,0x00000000da878020,0x00000000da880000)
  to   space 5120K, 0% used [0x00000000d9e80000,0x00000000d9e80000,0x00000000da380000)
 ParOldGen       total 87552K, used 7667K [0x0000000081800000, 0x0000000086d80000, 0x00000000d5d80000)
  object space 87552K, 8% used [0x0000000081800000,0x0000000081f7ccb0,0x0000000086d80000)
 Metaspace       used 15455K, capacity 15662K, committed 15872K, reserved 1062912K
  class space    used 1833K, capacity 1941K, committed 2048K, reserved 1048576K
}
Event: 3.369 GC heap before
{Heap before GC invocations=5 (full 0):
 PSYoungGen      total 71680K, used 71648K [0x00000000d5d80000, 0x00000000da880000, 0x0000000100000000)
  eden space 66560K, 100% used [0x00000000d5d80000,0x00000000d9e80000,0x00000000d9e80000)
  from space 5120K, 99% used [0x00000000da380000,0x00000000da878020,0x00000000da880000)
  to   space 5120K, 0% used [0x00000000d9e80000,0x00000000d9e80000,0x00000000da380000)
 ParOldGen       total 87552K, used 7667K [0x0000000081800000, 0x0000000086d80000, 0x00000000d5d80000)
  object space 87552K, 8% used [0x0000000081800000,0x0000000081f7ccb0,0x0000000086d80000)
 Metaspace       used 16034K, capacity 16210K, committed 16384K, reserved 1062912K
  class space    used 1862K, capacity 1947K, committed 2048K, reserved 1048576K
Event: 3.397 GC heap after
Heap after GC invocations=5 (full 0):
 PSYoungGen      total 71680K, used 5120K [0x00000000d5d80000, 0x00000000dfb80000, 0x0000000100000000)
  eden space 66560K, 0% used [0x00000000d5d80000,0x00000000d5d80000,0x00000000d9e80000)
  from space 5120K, 100% used [0x00000000d9e80000,0x00000000da380000,0x00000000da380000)
  to   space 14336K, 0% used [0x00000000ded80000,0x00000000ded80000,0x00000000dfb80000)
 ParOldGen       total 87552K, used 17884K [0x0000000081800000, 0x0000000086d80000, 0x00000000d5d80000)
  object space 87552K, 20% used [0x0000000081800000,0x0000000082977158,0x0000000086d80000)
 Metaspace       used 16034K, capacity 16210K, committed 16384K, reserved 1062912K
  class space    used 1862K, capacity 1947K, committed 2048K, reserved 1048576K
}
Event: 4.390 GC heap before
{Heap before GC invocations=6 (full 0):
 PSYoungGen      total 71680K, used 71680K [0x00000000d5d80000, 0x00000000dfb80000, 0x0000000100000000)
  eden space 66560K, 100% used [0x00000000d5d80000,0x00000000d9e80000,0x00000000d9e80000)
  from space 5120K, 100% used [0x00000000d9e80000,0x00000000da380000,0x00000000da380000)
  to   space 14336K, 0% used [0x00000000ded80000,0x00000000ded80000,0x00000000dfb80000)
 ParOldGen       total 87552K, used 17884K [0x0000000081800000, 0x0000000086d80000, 0x00000000d5d80000)
  object space 87552K, 20% used [0x0000000081800000,0x0000000082977158,0x0000000086d80000)
 Metaspace       used 16270K, capacity 16542K, committed 16896K, reserved 1064960K
  class space    used 1863K, capacity 1949K, committed 2048K, reserved 1048576K
Event: 4.408 GC heap after
Heap after GC invocations=6 (full 0):
 PSYoungGen      total 143360K, used 14304K [0x00000000d5d80000, 0x00000000e0380000, 0x0000000100000000)
  eden space 129024K, 0% used [0x00000000d5d80000,0x00000000d5d80000,0x00000000ddb80000)
  from space 14336K, 99% used [0x00000000ded80000,0x00000000dfb78020,0x00000000dfb80000)
  to   space 18432K, 0% used [0x00000000ddb80000,0x00000000ddb80000,0x00000000ded80000)
 ParOldGen       total 87552K, used 20522K [0x0000000081800000, 0x0000000086d80000, 0x00000000d5d80000)
  object space 87552K, 23% used [0x0000000081800000,0x0000000082c0ab60,0x0000000086d80000)
 Metaspace       used 16270K, capacity 16542K, committed 16896K, reserved 1064960K
  class space    used 1863K, capacity 1949K, committed 2048K, reserved 1048576K
}
Event: 6.351 GC heap before
{Heap before GC invocations=7 (full 0):
 PSYoungGen      total 143360K, used 83259K [0x00000000d5d80000, 0x00000000e0380000, 0x0000000100000000)
  eden space 129024K, 53% used [0x00000000d5d80000,0x00000000da0d6f88,0x00000000ddb80000)
  from space 14336K, 99% used [0x00000000ded80000,0x00000000dfb78020,0x00000000dfb80000)
  to   space 18432K, 0% used [0x00000000ddb80000,0x00000000ddb80000,0x00000000ded80000)
 ParOldGen       total 87552K, used 20522K [0x0000000081800000, 0x0000000086d80000, 0x00000000d5d80000)
  object space 87552K, 23% used [0x0000000081800000,0x0000000082c0ab60,0x0000000086d80000)
 Metaspace       used 20604K, capacity 21076K, committed 21296K, reserved 1069056K
  class space    used 2420K, capacity 2590K, committed 2688K, reserved 1048576K
Event: 6.374 GC heap after
Heap after GC invocations=7 (full 0):
 PSYoungGen      total 147456K, used 18356K [0x00000000d5d80000, 0x00000000e8380000, 0x0000000100000000)
  eden space 129024K, 0% used [0x00000000d5d80000,0x00000000d5d80000,0x00000000ddb80000)
  from space 18432K, 99% used [0x00000000ddb80000,0x00000000ded6d120,0x00000000ded80000)
  to   space 21504K, 0% used [0x00000000e6e80000,0x00000000e6e80000,0x00000000e8380000)
 ParOldGen       total 87552K, used 22069K [0x0000000081800000, 0x0000000086d80000, 0x00000000d5d80000)
  object space 87552K, 25% used [0x0000000081800000,0x0000000082d8d420,0x0000000086d80000)
 Metaspace       used 20604K, capacity 21076K, committed 21296K, reserved 1069056K
  class space    used 2420K, capacity 2590K, committed 2688K, reserved 1048576K
}
Event: 6.374 GC heap before
{Heap before GC invocations=8 (full 1):
 PSYoungGen      total 147456K, used 18356K [0x00000000d5d80000, 0x00000000e8380000, 0x0000000100000000)
  eden space 129024K, 0% used [0x00000000d5d80000,0x00000000d5d80000,0x00000000ddb80000)
  from space 18432K, 99% used [0x00000000ddb80000,0x00000000ded6d120,0x00000000ded80000)
  to   space 21504K, 0% used [0x00000000e6e80000,0x00000000e6e80000,0x00000000e8380000)
 ParOldGen       total 87552K, used 22069K [0x0000000081800000, 0x0000000086d80000, 0x00000000d5d80000)
  object space 87552K, 25% used [0x0000000081800000,0x0000000082d8d420,0x0000000086d80000)
 Metaspace       used 20604K, capacity 21076K, committed 21296K, reserved 1069056K
  class space    used 2420K, capacity 2590K, committed 2688K, reserved 1048576K
Event: 6.529 GC heap after
Heap after GC invocations=8 (full 1):
 PSYoungGen      total 147456K, used 0K [0x00000000d5d80000, 0x00000000e8380000, 0x0000000100000000)
  eden space 129024K, 0% used [0x00000000d5d80000,0x00000000d5d80000,0x00000000ddb80000)
  from space 18432K, 0% used [0x00000000ddb80000,0x00000000ddb80000,0x00000000ded80000)
  to   space 21504K, 0% used [0x00000000e6e80000,0x00000000e6e80000,0x00000000e8380000)
 ParOldGen       total 96256K, used 33467K [0x0000000081800000, 0x0000000087600000, 0x00000000d5d80000)
  object space 96256K, 34% used [0x0000000081800000,0x00000000838aed28,0x0000000087600000)
 Metaspace       used 20604K, capacity 21076K, committed 21296K, reserved 1069056K
  class space    used 2420K, capacity 2590K, committed 2688K, reserved 1048576K
}

