# JRE version: Java(TM) SE Runtime Environment (8.0_251-b08) (build 1.8.0_251-b08)
# Java VM: Java HotSpot(TM) 64-Bit Server VM (25.251-b08 mixed mode windows-amd64 compressed oops)
Heap:
 PSYoungGen      total 142336K, used 132517K [0x00000000d5d80000, 0x00000000df180000, 0x0000000100000000)
  eden space 133120K, 95% used [0x00000000d5d80000,0x00000000dd9610f0,0x00000000ddf80000)
  from space 9216K, 61% used [0x00000000ddf80000,0x00000000de5083c0,0x00000000de880000)
  to   space 8704K, 0% used [0x00000000de900000,0x00000000de900000,0x00000000df180000)
 ParOldGen       total 49664K, used 5578K [0x0000000081800000, 0x0000000084880000, 0x00000000d5d80000)
  object space 49664K, 11% used [0x0000000081800000,0x0000000081d72ba0,0x0000000084880000)
 Metaspace       used 28974K, capacity 30180K, committed 30464K, reserved 1075200K
  class space    used 3751K, capacity 4023K, committed 4096K, reserved 1048576K
GC Heap History (10 events):
Event: 4.890 GC heap before
{Heap before GC invocations=6 (full 0):
 PSYoungGen      total 71680K, used 17556K [0x00000000d5d80000, 0x00000000df280000, 0x0000000100000000)
  eden space 66560K, 18% used [0x00000000d5d80000,0x00000000d69ac018,0x00000000d9e80000)
  from space 5120K, 99% used [0x00000000d9e80000,0x00000000da379280,0x00000000da380000)
  to   space 9728K, 0% used [0x00000000de900000,0x00000000de900000,0x00000000df280000)
 ParOldGen       total 87552K, used 5152K [0x0000000081800000, 0x0000000086d80000, 0x00000000d5d80000)
  object space 87552K, 5% used [0x0000000081800000,0x0000000081d08110,0x0000000086d80000)
 Metaspace       used 20560K, capacity 21204K, committed 21296K, reserved 1067008K
  class space    used 2680K, capacity 2861K, committed 2944K, reserved 1048576K
Event: 4.898 GC heap after
Heap after GC invocations=6 (full 0):
 PSYoungGen      total 141824K, used 5685K [0x00000000d5d80000, 0x00000000df180000, 0x0000000100000000)
  eden space 133120K, 0% used [0x00000000d5d80000,0x00000000d5d80000,0x00000000ddf80000)
  from space 8704K, 65% used [0x00000000de900000,0x00000000dee8d6f0,0x00000000df180000)
  to   space 9216K, 0% used [0x00000000ddf80000,0x00000000ddf80000,0x00000000de880000)
 ParOldGen       total 87552K, used 5160K [0x0000000081800000, 0x0000000086d80000, 0x00000000d5d80000)
  object space 87552K, 5% used [0x0000000081800000,0x0000000081d0a110,0x0000000086d80000)
 Metaspace       used 20560K, capacity 21204K, committed 21296K, reserved 1067008K
  class space    used 2680K, capacity 2861K, committed 2944K, reserved 1048576K
}
Event: 4.898 GC heap before
{Heap before GC invocations=7 (full 1):
 PSYoungGen      total 141824K, used 5685K [0x00000000d5d80000, 0x00000000df180000, 0x0000000100000000)
  eden space 133120K, 0% used [0x00000000d5d80000,0x00000000d5d80000,0x00000000ddf80000)
  from space 8704K, 65% used [0x00000000de900000,0x00000000dee8d6f0,0x00000000df180000)
  to   space 9216K, 0% used [0x00000000ddf80000,0x00000000ddf80000,0x00000000de880000)
 ParOldGen       total 87552K, used 5160K [0x0000000081800000, 0x0000000086d80000, 0x00000000d5d80000)
  object space 87552K, 5% used [0x0000000081800000,0x0000000081d0a110,0x0000000086d80000)
 Metaspace       used 20560K, capacity 21204K, committed 21296K, reserved 1067008K
  class space    used 2680K, capacity 2861K, committed 2944K, reserved 1048576K
Event: 4.929 GC heap after
Heap after GC invocations=7 (full 1):
 PSYoungGen      total 141824K, used 0K [0x00000000d5d80000, 0x00000000df180000, 0x0000000100000000)
  eden space 133120K, 0% used [0x00000000d5d80000,0x00000000d5d80000,0x00000000ddf80000)
  from space 8704K, 0% used [0x00000000de900000,0x00000000de900000,0x00000000df180000)
  to   space 9216K, 0% used [0x00000000ddf80000,0x00000000ddf80000,0x00000000de880000)
 ParOldGen       total 49664K, used 5554K [0x0000000081800000, 0x0000000084880000, 0x00000000d5d80000)
  object space 49664K, 11% used [0x0000000081800000,0x0000000081d6cba0,0x0000000084880000)
 Metaspace       used 20558K, capacity 21198K, committed 21296K, reserved 1067008K
  class space    used 2680K, capacity 2860K, committed 2944K, reserved 1048576K
}
Event: 8.645 GC heap before
{Heap before GC invocations=8 (full 1):
 PSYoungGen      total 141824K, used 133120K [0x00000000d5d80000, 0x00000000df180000, 0x0000000100000000)
  eden space 133120K, 100% used [0x00000000d5d80000,0x00000000ddf80000,0x00000000ddf80000)
  from space 8704K, 0% used [0x00000000de900000,0x00000000de900000,0x00000000df180000)
  to   space 9216K, 0% used [0x00000000ddf80000,0x00000000ddf80000,0x00000000de880000)
 ParOldGen       total 49664K, used 5554K [0x0000000081800000, 0x0000000084880000, 0x00000000d5d80000)
  object space 49664K, 11% used [0x0000000081800000,0x0000000081d6cba0,0x0000000084880000)
 Metaspace       used 26783K, capacity 27836K, committed 28160K, reserved 1073152K
  class space    used 3472K, capacity 3735K, committed 3840K, reserved 1048576K
Event: 8.654 GC heap after
Heap after GC invocations=8 (full 1):
 PSYoungGen      total 142336K, used 8621K [0x00000000d5d80000, 0x00000000df180000, 0x0000000100000000)
  eden space 133120K, 0% used [0x00000000d5d80000,0x00000000d5d80000,0x00000000ddf80000)
  from space 9216K, 93% used [0x00000000ddf80000,0x00000000de7eb550,0x00000000de880000)
  to   space 8704K, 0% used [0x00000000de900000,0x00000000de900000,0x00000000df180000)
 ParOldGen       total 49664K, used 5562K [0x0000000081800000, 0x0000000084880000, 0x00000000d5d80000)
  object space 49664K, 11% used [0x0000000081800000,0x0000000081d6eba0,0x0000000084880000)
 Metaspace       used 26783K, capacity 27836K, committed 28160K, reserved 1073152K
  class space    used 3472K, capacity 3735K, committed 3840K, reserved 1048576K
}
Event: 8.883 GC heap before
{Heap before GC invocations=9 (full 1):
 PSYoungGen      total 142336K, used 141741K [0x00000000d5d80000, 0x00000000df180000, 0x0000000100000000)
  eden space 133120K, 100% used [0x00000000d5d80000,0x00000000ddf80000,0x00000000ddf80000)
  from space 9216K, 93% used [0x00000000ddf80000,0x00000000de7eb550,0x00000000de880000)
  to   space 8704K, 0% used [0x00000000de900000,0x00000000de900000,0x00000000df180000)
 ParOldGen       total 49664K, used 5562K [0x0000000081800000, 0x0000000084880000, 0x00000000d5d80000)
  object space 49664K, 11% used [0x0000000081800000,0x0000000081d6eba0,0x0000000084880000)
 Metaspace       used 27120K, capacity 28240K, committed 28416K, reserved 1073152K
  class space    used 3511K, capacity 3773K, committed 3840K, reserved 1048576K
Event: 8.888 GC heap after
Heap after GC invocations=9 (full 1):
 PSYoungGen      total 141824K, used 5131K [0x00000000d5d80000, 0x00000000df180000, 0x0000000100000000)
  eden space 133120K, 0% used [0x00000000d5d80000,0x00000000d5d80000,0x00000000ddf80000)
  from space 8704K, 58% used [0x00000000de900000,0x00000000dee02de0,0x00000000df180000)
  to   space 9216K, 0% used [0x00000000ddf80000,0x00000000ddf80000,0x00000000de880000)
 ParOldGen       total 49664K, used 5570K [0x0000000081800000, 0x0000000084880000, 0x00000000d5d80000)
  object space 49664K, 11% used [0x0000000081800000,0x0000000081d70ba0,0x0000000084880000)
 Metaspace       used 27120K, capacity 28240K, committed 28416K, reserved 1073152K
  class space    used 3511K, capacity 3773K, committed 3840K, reserved 1048576K
}
Event: 9.044 GC heap before
{Heap before GC invocations=10 (full 1):
 PSYoungGen      total 141824K, used 138251K [0x00000000d5d80000, 0x00000000df180000, 0x0000000100000000)
  eden space 133120K, 100% used [0x00000000d5d80000,0x00000000ddf80000,0x00000000ddf80000)
  from space 8704K, 58% used [0x00000000de900000,0x00000000dee02de0,0x00000000df180000)
  to   space 9216K, 0% used [0x00000000ddf80000,0x00000000ddf80000,0x00000000de880000)
 ParOldGen       total 49664K, used 5570K [0x0000000081800000, 0x0000000084880000, 0x00000000d5d80000)
  object space 49664K, 11% used [0x0000000081800000,0x0000000081d70ba0,0x0000000084880000)
 Metaspace       used 27411K, capacity 28470K, committed 28672K, reserved 1075200K
  class space    used 3541K, capacity 3776K, committed 3840K, reserved 1048576K
Event: 9.048 GC heap after
Heap after GC invocations=10 (full 1):
 PSYoungGen      total 142336K, used 5664K [0x00000000d5d80000, 0x00000000df180000, 0x0000000100000000)
  eden space 133120K, 0% used [0x00000000d5d80000,0x00000000d5d80000,0x00000000ddf80000)
  from space 9216K, 61% used [0x00000000ddf80000,0x00000000de5083c0,0x00000000de880000)
  to   space 8704K, 0% used [0x00000000de900000,0x00000000de900000,0x00000000df180000)
 ParOldGen       total 49664K, used 5578K [0x0000000081800000, 0x0000000084880000, 0x00000000d5d80000)
  object space 49664K, 11% used [0x0000000081800000,0x0000000081d72ba0,0x0000000084880000)
 Metaspace       used 27411K, capacity 28470K, committed 28672K, reserved 1075200K
  class space    used 3541K, capacity 3776K, committed 3840K, reserved 1048576K
}

