# JRE version: OpenJDK Runtime Environment JBR-11.0.9.11-1145.21-jcef (11.0.9+11) (build 11.0.9+11-b1145.21)
# Java VM: OpenJDK 64-Bit Server VM JBR-11.0.9.11-1145.21-jcef (11.0.9+11-b1145.21, mixed mode, tiered, compressed oops, g1 gc, windows-amd64)
Heap:
 garbage-first heap   total 131072K, used 61133K [0x0000000081800000, 0x0000000100000000)
  region size 1024K, 56 young (57344K), 5 survivors (5120K)
 Metaspace       used 31659K, capacity 32535K, committed 32640K, reserved 1077248K
  class space    used 3816K, capacity 4143K, committed 4224K, reserved 1048576K
GC Heap History (10 events):
Event: 0.964 GC heap before
{Heap before GC invocations=0 (full 0):
 garbage-first heap   total 131072K, used 23552K [0x0000000081800000, 0x0000000100000000)
  region size 1024K, 24 young (24576K), 0 survivors (0K)
 Metaspace       used 9156K, capacity 9284K, committed 9344K, reserved 1058816K
  class space    used 803K, capacity 838K, committed 896K, reserved 1048576K
}
Event: 0.972 GC heap after
{Heap after GC invocations=1 (full 0):
 garbage-first heap   total 131072K, used 4261K [0x0000000081800000, 0x0000000100000000)
  region size 1024K, 3 young (3072K), 3 survivors (3072K)
 Metaspace       used 9156K, capacity 9284K, committed 9344K, reserved 1058816K
  class space    used 803K, capacity 838K, committed 896K, reserved 1048576K
}
Event: 2.464 GC heap before
{Heap before GC invocations=1 (full 0):
 garbage-first heap   total 131072K, used 79013K [0x0000000081800000, 0x0000000100000000)
  region size 1024K, 76 young (77824K), 3 survivors (3072K)
 Metaspace       used 17591K, capacity 18024K, committed 18176K, reserved 1064960K
  class space    used 1878K, capacity 2021K, committed 2048K, reserved 1048576K
}
Event: 2.474 GC heap after
{Heap after GC invocations=2 (full 0):
 garbage-first heap   total 131072K, used 6857K [0x0000000081800000, 0x0000000100000000)
  region size 1024K, 6 young (6144K), 6 survivors (6144K)
 Metaspace       used 17591K, capacity 18024K, committed 18176K, reserved 1064960K
  class space    used 1878K, capacity 2021K, committed 2048K, reserved 1048576K
}
Event: 2.759 GC heap before
{Heap before GC invocations=2 (full 0):
 garbage-first heap   total 131072K, used 41673K [0x0000000081800000, 0x0000000100000000)
  region size 1024K, 41 young (41984K), 6 survivors (6144K)
 Metaspace       used 20663K, capacity 21142K, committed 21248K, reserved 1069056K
  class space    used 2279K, capacity 2464K, committed 2560K, reserved 1048576K
}
Event: 2.767 GC heap after
{Heap after GC invocations=3 (full 0):
 garbage-first heap   total 131072K, used 7892K [0x0000000081800000, 0x0000000100000000)
  region size 1024K, 4 young (4096K), 4 survivors (4096K)
 Metaspace       used 20663K, capacity 21142K, committed 21248K, reserved 1069056K
  class space    used 2279K, capacity 2464K, committed 2560K, reserved 1048576K
}
Event: 5.046 GC heap before
{Heap before GC invocations=4 (full 0):
 garbage-first heap   total 131072K, used 81620K [0x0000000081800000, 0x0000000100000000)
  region size 1024K, 76 young (77824K), 4 survivors (4096K)
 Metaspace       used 28193K, capacity 28944K, committed 29184K, reserved 1075200K
  class space    used 3290K, capacity 3564K, committed 3584K, reserved 1048576K
}
Event: 5.054 GC heap after
{Heap after GC invocations=5 (full 0):
 garbage-first heap   total 131072K, used 9674K [0x0000000081800000, 0x0000000100000000)
  region size 1024K, 6 young (6144K), 6 survivors (6144K)
 Metaspace       used 28193K, capacity 28944K, committed 29184K, reserved 1075200K
  class space    used 3290K, capacity 3564K, committed 3584K, reserved 1048576K
}
Event: 36.715 GC heap before
{Heap before GC invocations=5 (full 0):
 garbage-first heap   total 131072K, used 80330K [0x0000000081800000, 0x0000000100000000)
  region size 1024K, 76 young (77824K), 6 survivors (6144K)
 Metaspace       used 31543K, capacity 32398K, committed 32640K, reserved 1077248K
  class space    used 3815K, capacity 4143K, committed 4224K, reserved 1048576K
}
Event: 36.721 GC heap after
{Heap after GC invocations=6 (full 0):
 garbage-first heap   total 131072K, used 10957K [0x0000000081800000, 0x0000000100000000)
  region size 1024K, 5 young (5120K), 5 survivors (5120K)
 Metaspace       used 31543K, capacity 32398K, committed 32640K, reserved 1077248K
  class space    used 3815K, capacity 4143K, committed 4224K, reserved 1048576K
}

